<?xml version="1.0" encoding="UTF-8"?>
<!-- Generated by org.testng.reporters.JUnitReportReporter -->
<testsuite hostname="DESKTOP-N0VQO3E" failures="0" tests="2" name="test.java.CucumberOptions.TestNGRunner" time="61.180" errors="0" timestamp="2023-08-17T12:58:22 IST" skipped="0">
  <testcase classname="test.java.CucumberOptions.TestNGRunner" name="runScenario" time="40.143"/>
  <testcase classname="test.java.CucumberOptions.TestNGRunner" name="runScenario" time="21.037"/>
</testsuite> <!-- test.java.CucumberOptions.TestNGRunner -->
