<?xml version="1.0" encoding="UTF-8"?>
<!-- Generated by org.testng.reporters.JUnitReportReporter -->
<testsuite hostname="DESKTOP-N0VQO3E" failures="0" tests="2" name="test.java.CucumberOptions.TestNGRunner" time="52.544" errors="0" timestamp="2023-08-16T21:10:19 IST" skipped="0">
  <testcase classname="test.java.CucumberOptions.TestNGRunner" name="runScenario" time="17.127"/>
  <testcase classname="test.java.CucumberOptions.TestNGRunner" name="runScenario" time="35.417"/>
</testsuite> <!-- test.java.CucumberOptions.TestNGRunner -->
