<?xml version="1.0" encoding="UTF-8"?>
<!-- Generated by org.testng.reporters.JUnitReportReporter -->
<testsuite hostname="DESKTOP-N0VQO3E" failures="0" tests="2" name="test.java.CucumberOptions.TestNGRunner" time="60.190" errors="0" timestamp="2023-10-26T11:20:16 IST" skipped="0">
  <testcase classname="test.java.CucumberOptions.TestNGRunner" name="runScenario" time="22.564"/>
  <testcase classname="test.java.CucumberOptions.TestNGRunner" name="runScenario" time="37.626"/>
</testsuite> <!-- test.java.CucumberOptions.TestNGRunner -->
