<?xml version="1.0" encoding="UTF-8"?>
<!-- Generated by org.testng.reporters.JUnitReportReporter -->
<testsuite hostname="DESKTOP-N0VQO3E" failures="0" tests="1" name="test.java.CucumberOptions.TestNGRunner" time="21.083" errors="0" timestamp="2023-08-22T16:03:31 IST" skipped="0">
  <testcase classname="test.java.CucumberOptions.TestNGRunner" name="runScenario" time="21.083"/>
</testsuite> <!-- test.java.CucumberOptions.TestNGRunner -->
