<?xml version="1.0" encoding="UTF-8"?>
<!-- Generated by org.testng.reporters.JUnitReportReporter -->
<testsuite hostname="DESKTOP-N0VQO3E" failures="0" tests="4" name="test.java.CucumberOptions.TestNGRunner" time="88.171" errors="0" timestamp="2023-08-21T00:30:54 IST" skipped="0">
  <testcase classname="test.java.CucumberOptions.TestNGRunner" name="runScenario" time="19.790"/>
  <testcase classname="test.java.CucumberOptions.TestNGRunner" name="runScenario" time="32.400"/>
  <testcase classname="test.java.CucumberOptions.TestNGRunner" name="runScenario" time="11.029"/>
  <testcase classname="test.java.CucumberOptions.TestNGRunner" name="runScenario" time="24.952"/>
</testsuite> <!-- test.java.CucumberOptions.TestNGRunner -->
