<?xml version="1.0" encoding="UTF-8"?>
<!-- Generated by org.testng.reporters.JUnitReportReporter -->
<testsuite hostname="DESKTOP-N0VQO3E" failures="0" tests="2" name="test.java.CucumberOptions.TestNGRunner" time="48.754" errors="0" timestamp="2023-08-17T20:02:51 IST" skipped="0">
  <testcase classname="test.java.CucumberOptions.TestNGRunner" name="runScenario" time="26.942"/>
  <testcase classname="test.java.CucumberOptions.TestNGRunner" name="runScenario" time="21.812"/>
</testsuite> <!-- test.java.CucumberOptions.TestNGRunner -->
