<?xml version="1.0" encoding="UTF-8"?>
<!-- Generated by org.testng.reporters.JUnitReportReporter -->
<testsuite hostname="DESKTOP-N0VQO3E" failures="0" tests="5" name="test.java.CucumberOptions.TestNGRunner" time="452.769" errors="0" timestamp="2023-08-22T17:57:50 IST" skipped="0">
  <testcase classname="test.java.CucumberOptions.TestNGRunner" name="runScenario" time="86.836"/>
  <testcase classname="test.java.CucumberOptions.TestNGRunner" name="runScenario" time="88.124"/>
  <testcase classname="test.java.CucumberOptions.TestNGRunner" name="runScenario" time="86.398"/>
  <testcase classname="test.java.CucumberOptions.TestNGRunner" name="runScenario" time="103.317"/>
  <testcase classname="test.java.CucumberOptions.TestNGRunner" name="runScenario" time="88.094"/>
</testsuite> <!-- test.java.CucumberOptions.TestNGRunner -->
