<?xml version="1.0" encoding="UTF-8"?>
<!-- Generated by org.testng.reporters.JUnitReportReporter -->
<testsuite hostname="DESKTOP-N0VQO3E" failures="0" tests="1" name="test.java.CucumberOptions.TestNGRunner" time="10.540" errors="0" timestamp="2023-08-23T11:17:39 IST" skipped="0">
  <testcase classname="test.java.CucumberOptions.TestNGRunner" name="runScenario" time="10.540"/>
</testsuite> <!-- test.java.CucumberOptions.TestNGRunner -->
