<?xml version="1.0" encoding="UTF-8"?>
<!-- Generated by org.testng.reporters.JUnitReportReporter -->
<testsuite hostname="DESKTOP-N0VQO3E" failures="0" tests="2" name="test.java.CucumberOptions.TestNGRunner" time="63.785" errors="0" timestamp="2023-10-26T11:25:01 IST" skipped="0">
  <testcase classname="test.java.CucumberOptions.TestNGRunner" name="runScenario" time="22.821"/>
  <testcase classname="test.java.CucumberOptions.TestNGRunner" name="runScenario" time="40.964"/>
</testsuite> <!-- test.java.CucumberOptions.TestNGRunner -->
