<?xml version="1.0" encoding="UTF-8"?>
<!-- Generated by org.testng.reporters.JUnitReportReporter -->
<testsuite hostname="DESKTOP-N0VQO3E" failures="0" tests="4" name="test.java.CucumberOptions.TestNGRunner" time="282.486" errors="0" timestamp="2023-08-21T17:33:13 IST" skipped="0">
  <testcase classname="test.java.CucumberOptions.TestNGRunner" name="runScenario" time="87.198"/>
  <testcase classname="test.java.CucumberOptions.TestNGRunner" name="runScenario" time="60.998"/>
  <testcase classname="test.java.CucumberOptions.TestNGRunner" name="runScenario" time="65.399"/>
  <testcase classname="test.java.CucumberOptions.TestNGRunner" name="runScenario" time="68.891"/>
</testsuite> <!-- test.java.CucumberOptions.TestNGRunner -->
