<?xml version="1.0" encoding="UTF-8"?>
<!-- Generated by org.testng.reporters.JUnitReportReporter -->
<testsuite hostname="DESKTOP-N0VQO3E" failures="0" tests="2" name="test.java.CucumberOptions.TestNGRunner" time="57.301" errors="0" timestamp="2023-10-17T16:54:17 IST" skipped="0">
  <testcase classname="test.java.CucumberOptions.TestNGRunner" name="runScenario" time="37.614"/>
  <testcase classname="test.java.CucumberOptions.TestNGRunner" name="runScenario" time="19.687"/>
</testsuite> <!-- test.java.CucumberOptions.TestNGRunner -->
